<?xml version="1.0" encoding="UTF-8"?>
<!-- Generated by org.testng.reporters.JUnitXMLReporter -->
<testsuite hostname="DESKTOP-KVS4D73" ignored="0" name="Test" tests="1" failures="0" timestamp="21 Sep 2021 11:09:47 GMT" time="609.729" errors="0">
  <testcase name="@BeforeClass setup" time="609.649" classname="com.inetBankingV2.testCases.Baseclass">
    <failure type="org.openqa.selenium.SessionNotCreatedException" message="session not created
from timeout: Timed out receiving message from renderer: 600.000
  (Session info: chrome=93.0.4577.82)
Build info: version: &amp;apos;3.14.0&amp;apos;, revision: &amp;apos;aacccce0&amp;apos;, time: &amp;apos;2018-08-02T20:19:58.91Z&amp;apos;
System info: host: &amp;apos;DESKTOP-KVS4D73&amp;apos;, ip: &amp;apos;192.168.42.225&amp;apos;, os.name: &amp;apos;Windows 10&amp;apos;, os.arch: &amp;apos;amd64&amp;apos;, os.version: &amp;apos;10.0&amp;apos;, java.version: &amp;apos;1.8.0_221&amp;apos;
Driver info: driver.version: ChromeDriver
remote stacktrace: Backtrace:
	Ordinal0 [0x0068D403+2479107]
	Ordinal0 [0x00627D51+2063697]
	Ordinal0 [0x005320C8+1056968]
	Ordinal0 [0x0052499D+1001885]
	Ordinal0 [0x005239ED+997869]
	Ordinal0 [0x00523CA6+998566]
	Ordinal0 [0x00523595+996757]
	Ordinal0 [0x0051F264+979556]
	Ordinal0 [0x00523551+996689]
	Ordinal0 [0x005232F0+996080]
	Ordinal0 [0x00523089+995465]
	Ordinal0 [0x005332E0+1061600]
	Ordinal0 [0x0057AC59+1354841]
	Ordinal0 [0x0057992A+1349930]
	Ordinal0 [0x0057583B+1333307]
	Ordinal0 [0x00551F94+1187732]
	Ordinal0 [0x00552DE9+1191401]
	GetHandleVerifier [0x0080F3F6+1531734]
	GetHandleVerifier [0x008BE9AE+2249998]
	GetHandleVerifier [0x007139AB+501003]
	GetHandleVerifier [0x00712A29+497033]
	Ordinal0 [0x0062D11D+2085149]
	Ordinal0 [0x006311C8+2101704]
	Ordinal0 [0x00631302+2102018]
	Ordinal0 [0x0063AA71+2140785]
	BaseThreadInitThunk [0x759BFA29+25]
	RtlGetAppContainerNamedObjectPath [0x778C7A9E+286]
	RtlGetAppContainerNamedObjectPath [0x778C7A6E+238]
">
      <![CDATA[org.openqa.selenium.SessionNotCreatedException: session not created
from timeout: Timed out receiving message from renderer: 600.000
  (Session info: chrome=93.0.4577.82)
Build info: version: '3.14.0', revision: 'aacccce0', time: '2018-08-02T20:19:58.91Z'
System info: host: 'DESKTOP-KVS4D73', ip: '192.168.42.225', os.name: 'Windows 10', os.arch: 'amd64', os.version: '10.0', java.version: '1.8.0_221'
Driver info: driver.version: ChromeDriver
remote stacktrace: Backtrace:
Ordinal0 [0x0068D403+2479107]
Ordinal0 [0x00627D51+2063697]
Ordinal0 [0x005320C8+1056968]
Ordinal0 [0x0052499D+1001885]
Ordinal0 [0x005239ED+997869]
Ordinal0 [0x00523CA6+998566]
Ordinal0 [0x00523595+996757]
Ordinal0 [0x0051F264+979556]
Ordinal0 [0x00523551+996689]
Ordinal0 [0x005232F0+996080]
Ordinal0 [0x00523089+995465]
Ordinal0 [0x005332E0+1061600]
Ordinal0 [0x0057AC59+1354841]
Ordinal0 [0x0057992A+1349930]
Ordinal0 [0x0057583B+1333307]
Ordinal0 [0x00551F94+1187732]
Ordinal0 [0x00552DE9+1191401]
GetHandleVerifier [0x0080F3F6+1531734]
GetHandleVerifier [0x008BE9AE+2249998]
GetHandleVerifier [0x007139AB+501003]
GetHandleVerifier [0x00712A29+497033]
Ordinal0 [0x0062D11D+2085149]
Ordinal0 [0x006311C8+2101704]
Ordinal0 [0x00631302+2102018]
Ordinal0 [0x0063AA71+2140785]
BaseThreadInitThunk [0x759BFA29+25]
RtlGetAppContainerNamedObjectPath [0x778C7A9E+286]
RtlGetAppContainerNamedObjectPath [0x778C7A6E+238]

at org.openqa.selenium.remote.W3CHandshakeResponse.lambda$new$0(W3CHandshakeResponse.java:57)
at org.openqa.selenium.remote.W3CHandshakeResponse.lambda$getResponseFunction$2(W3CHandshakeResponse.java:104)
at org.openqa.selenium.remote.ProtocolHandshake.lambda$createSession$0(ProtocolHandshake.java:122)
at java.util.stream.ReferencePipeline$3$1.accept(ReferencePipeline.java:193)
at java.util.Spliterators$ArraySpliterator.tryAdvance(Spliterators.java:958)
at java.util.stream.ReferencePipeline.forEachWithCancel(ReferencePipeline.java:126)
at java.util.stream.AbstractPipeline.copyIntoWithCancel(AbstractPipeline.java:499)
at java.util.stream.AbstractPipeline.copyInto(AbstractPipeline.java:486)
at java.util.stream.AbstractPipeline.wrapAndCopyInto(AbstractPipeline.java:472)
at java.util.stream.FindOps$FindOp.evaluateSequential(FindOps.java:152)
at java.util.stream.AbstractPipeline.evaluate(AbstractPipeline.java:234)
at java.util.stream.ReferencePipeline.findFirst(ReferencePipeline.java:464)
at org.openqa.selenium.remote.ProtocolHandshake.createSession(ProtocolHandshake.java:125)
at org.openqa.selenium.remote.ProtocolHandshake.createSession(ProtocolHandshake.java:73)
at org.openqa.selenium.remote.HttpCommandExecutor.execute(HttpCommandExecutor.java:136)
at org.openqa.selenium.remote.service.DriverCommandExecutor.execute(DriverCommandExecutor.java:83)
at org.openqa.selenium.remote.RemoteWebDriver.execute(RemoteWebDriver.java:548)
at org.openqa.selenium.remote.RemoteWebDriver.startSession(RemoteWebDriver.java:212)
at org.openqa.selenium.remote.RemoteWebDriver.<init>(RemoteWebDriver.java:130)
at org.openqa.selenium.chrome.ChromeDriver.<init>(ChromeDriver.java:181)
at org.openqa.selenium.chrome.ChromeDriver.<init>(ChromeDriver.java:168)
at org.openqa.selenium.chrome.ChromeDriver.<init>(ChromeDriver.java:123)
at com.inetBankingV2.testCases.Baseclass.setup(Baseclass.java:32)
... Removed 33 stack frames]]>
    </failure>
  </testcase> <!-- @BeforeClass setup -->
  <testcase name="@AfterClass teardown" time="0.0" classname="com.inetBankingV2.testCases.Baseclass">
    <skipped/>
  </testcase> <!-- @AfterClass teardown -->
  <testcase name="login" time="0.0" classname="com.inetBankingV2.testCases.Login_Test">
    <skipped/>
  </testcase> <!-- login -->
</testsuite> <!-- Test -->
