<?xml version="1.0" encoding="UTF-8"?>
<testng-results skipped="1" failed="0" ignored="0" total="1" passed="0">
  <reporter-output>
  </reporter-output>
  <suite name="Suite" duration-ms="609729" started-at="2021-09-21T10:59:37Z" finished-at="2021-09-21T11:09:47Z">
    <groups>
    </groups>
    <test name="Test" duration-ms="609729" started-at="2021-09-21T10:59:37Z" finished-at="2021-09-21T11:09:47Z">
      <class name="com.inetBankingV2.testCases.Login_Test">
        <test-method status="FAIL" signature="setup(java.lang.String)[pri:0, instance:com.inetBankingV2.testCases.Login_Test@7e0ea639]" name="setup" is-config="true" duration-ms="609649" started-at="2021-09-21T10:59:37Z" finished-at="2021-09-21T11:09:47Z">
          <params>
            <param index="0">
              <value>
                <![CDATA[chrome]]>
              </value>
            </param>
          </params>
          <exception class="org.openqa.selenium.SessionNotCreatedException">
            <message>
              <![CDATA[session not created
from timeout: Timed out receiving message from renderer: 600.000
  (Session info: chrome=93.0.4577.82)
Build info: version: '3.14.0', revision: 'aacccce0', time: '2018-08-02T20:19:58.91Z'
System info: host: 'DESKTOP-KVS4D73', ip: '192.168.42.225', os.name: 'Windows 10', os.arch: 'amd64', os.version: '10.0', java.version: '1.8.0_221'
Driver info: driver.version: ChromeDriver
remote stacktrace: Backtrace:
Ordinal0 [0x0068D403+2479107]
Ordinal0 [0x00627D51+2063697]
Ordinal0 [0x005320C8+1056968]
Ordinal0 [0x0052499D+1001885]
Ordinal0 [0x005239ED+997869]
Ordinal0 [0x00523CA6+998566]
Ordinal0 [0x00523595+996757]
Ordinal0 [0x0051F264+979556]
Ordinal0 [0x00523551+996689]
Ordinal0 [0x005232F0+996080]
Ordinal0 [0x00523089+995465]
Ordinal0 [0x005332E0+1061600]
Ordinal0 [0x0057AC59+1354841]
Ordinal0 [0x0057992A+1349930]
Ordinal0 [0x0057583B+1333307]
Ordinal0 [0x00551F94+1187732]
Ordinal0 [0x00552DE9+1191401]
GetHandleVerifier [0x0080F3F6+1531734]
GetHandleVerifier [0x008BE9AE+2249998]
GetHandleVerifier [0x007139AB+501003]
GetHandleVerifier [0x00712A29+497033]
Ordinal0 [0x0062D11D+2085149]
Ordinal0 [0x006311C8+2101704]
Ordinal0 [0x00631302+2102018]
Ordinal0 [0x0063AA71+2140785]
BaseThreadInitThunk [0x759BFA29+25]
RtlGetAppContainerNamedObjectPath [0x778C7A9E+286]
RtlGetAppContainerNamedObjectPath [0x778C7A6E+238]
]]>
            </message>
            <full-stacktrace>
              <![CDATA[org.openqa.selenium.SessionNotCreatedException: session not created
from timeout: Timed out receiving message from renderer: 600.000
  (Session info: chrome=93.0.4577.82)
Build info: version: '3.14.0', revision: 'aacccce0', time: '2018-08-02T20:19:58.91Z'
System info: host: 'DESKTOP-KVS4D73', ip: '192.168.42.225', os.name: 'Windows 10', os.arch: 'amd64', os.version: '10.0', java.version: '1.8.0_221'
Driver info: driver.version: ChromeDriver
remote stacktrace: Backtrace:
Ordinal0 [0x0068D403+2479107]
Ordinal0 [0x00627D51+2063697]
Ordinal0 [0x005320C8+1056968]
Ordinal0 [0x0052499D+1001885]
Ordinal0 [0x005239ED+997869]
Ordinal0 [0x00523CA6+998566]
Ordinal0 [0x00523595+996757]
Ordinal0 [0x0051F264+979556]
Ordinal0 [0x00523551+996689]
Ordinal0 [0x005232F0+996080]
Ordinal0 [0x00523089+995465]
Ordinal0 [0x005332E0+1061600]
Ordinal0 [0x0057AC59+1354841]
Ordinal0 [0x0057992A+1349930]
Ordinal0 [0x0057583B+1333307]
Ordinal0 [0x00551F94+1187732]
Ordinal0 [0x00552DE9+1191401]
GetHandleVerifier [0x0080F3F6+1531734]
GetHandleVerifier [0x008BE9AE+2249998]
GetHandleVerifier [0x007139AB+501003]
GetHandleVerifier [0x00712A29+497033]
Ordinal0 [0x0062D11D+2085149]
Ordinal0 [0x006311C8+2101704]
Ordinal0 [0x00631302+2102018]
Ordinal0 [0x0063AA71+2140785]
BaseThreadInitThunk [0x759BFA29+25]
RtlGetAppContainerNamedObjectPath [0x778C7A9E+286]
RtlGetAppContainerNamedObjectPath [0x778C7A6E+238]

at sun.reflect.NativeConstructorAccessorImpl.newInstance0(Native Method)
at sun.reflect.NativeConstructorAccessorImpl.newInstance(NativeConstructorAccessorImpl.java:62)
at sun.reflect.DelegatingConstructorAccessorImpl.newInstance(DelegatingConstructorAccessorImpl.java:45)
at java.lang.reflect.Constructor.newInstance(Constructor.java:423)
at org.openqa.selenium.remote.W3CHandshakeResponse.lambda$new$0(W3CHandshakeResponse.java:57)
at org.openqa.selenium.remote.W3CHandshakeResponse.lambda$getResponseFunction$2(W3CHandshakeResponse.java:104)
at org.openqa.selenium.remote.ProtocolHandshake.lambda$createSession$0(ProtocolHandshake.java:122)
at java.util.stream.ReferencePipeline$3$1.accept(ReferencePipeline.java:193)
at java.util.Spliterators$ArraySpliterator.tryAdvance(Spliterators.java:958)
at java.util.stream.ReferencePipeline.forEachWithCancel(ReferencePipeline.java:126)
at java.util.stream.AbstractPipeline.copyIntoWithCancel(AbstractPipeline.java:499)
at java.util.stream.AbstractPipeline.copyInto(AbstractPipeline.java:486)
at java.util.stream.AbstractPipeline.wrapAndCopyInto(AbstractPipeline.java:472)
at java.util.stream.FindOps$FindOp.evaluateSequential(FindOps.java:152)
at java.util.stream.AbstractPipeline.evaluate(AbstractPipeline.java:234)
at java.util.stream.ReferencePipeline.findFirst(ReferencePipeline.java:464)
at org.openqa.selenium.remote.ProtocolHandshake.createSession(ProtocolHandshake.java:125)
at org.openqa.selenium.remote.ProtocolHandshake.createSession(ProtocolHandshake.java:73)
at org.openqa.selenium.remote.HttpCommandExecutor.execute(HttpCommandExecutor.java:136)
at org.openqa.selenium.remote.service.DriverCommandExecutor.execute(DriverCommandExecutor.java:83)
at org.openqa.selenium.remote.RemoteWebDriver.execute(RemoteWebDriver.java:548)
at org.openqa.selenium.remote.RemoteWebDriver.startSession(RemoteWebDriver.java:212)
at org.openqa.selenium.remote.RemoteWebDriver.<init>(RemoteWebDriver.java:130)
at org.openqa.selenium.chrome.ChromeDriver.<init>(ChromeDriver.java:181)
at org.openqa.selenium.chrome.ChromeDriver.<init>(ChromeDriver.java:168)
at org.openqa.selenium.chrome.ChromeDriver.<init>(ChromeDriver.java:123)
at com.inetBankingV2.testCases.Baseclass.setup(Baseclass.java:32)
at sun.reflect.NativeMethodAccessorImpl.invoke0(Native Method)
at sun.reflect.NativeMethodAccessorImpl.invoke(NativeMethodAccessorImpl.java:62)
at sun.reflect.DelegatingMethodAccessorImpl.invoke(DelegatingMethodAccessorImpl.java:43)
at java.lang.reflect.Method.invoke(Method.java:498)
at org.testng.internal.MethodInvocationHelper.invokeMethod(MethodInvocationHelper.java:124)
at org.testng.internal.MethodInvocationHelper.invokeMethodConsideringTimeout(MethodInvocationHelper.java:59)
at org.testng.internal.Invoker.invokeConfigurationMethod(Invoker.java:458)
at org.testng.internal.Invoker.invokeConfigurations(Invoker.java:222)
at org.testng.internal.Invoker.invokeConfigurations(Invoker.java:142)
at org.testng.internal.TestMethodWorker.invokeBeforeClassMethods(TestMethodWorker.java:168)
at org.testng.internal.TestMethodWorker.run(TestMethodWorker.java:105)
at org.testng.TestRunner.privateRun(TestRunner.java:648)
at org.testng.TestRunner.run(TestRunner.java:505)
at org.testng.SuiteRunner.runTest(SuiteRunner.java:455)
at org.testng.SuiteRunner.runSequentially(SuiteRunner.java:450)
at org.testng.SuiteRunner.privateRun(SuiteRunner.java:415)
at org.testng.SuiteRunner.run(SuiteRunner.java:364)
at org.testng.SuiteRunnerWorker.runSuite(SuiteRunnerWorker.java:52)
at org.testng.SuiteRunnerWorker.run(SuiteRunnerWorker.java:84)
at org.testng.TestNG.runSuitesSequentially(TestNG.java:1208)
at org.testng.TestNG.runSuitesLocally(TestNG.java:1137)
at org.testng.TestNG.runSuites(TestNG.java:1049)
at org.testng.TestNG.run(TestNG.java:1017)
at org.apache.maven.surefire.testng.TestNGExecutor.run(TestNGExecutor.java:295)
at org.apache.maven.surefire.testng.TestNGXmlTestSuite.execute(TestNGXmlTestSuite.java:84)
at org.apache.maven.surefire.testng.TestNGProvider.invoke(TestNGProvider.java:90)
at org.apache.maven.surefire.booter.ForkedBooter.invokeProviderInSameClassLoader(ForkedBooter.java:203)
at org.apache.maven.surefire.booter.ForkedBooter.runSuitesInProcess(ForkedBooter.java:155)
at org.apache.maven.surefire.booter.ForkedBooter.main(ForkedBooter.java:103)
]]>
            </full-stacktrace>
          </exception> <!-- org.openqa.selenium.SessionNotCreatedException -->
          <reporter-output>
          </reporter-output>
        </test-method> <!-- setup -->
        <test-method status="SKIP" signature="teardown()[pri:0, instance:com.inetBankingV2.testCases.Login_Test@7e0ea639]" name="teardown" is-config="true" duration-ms="0" started-at="2021-09-21T11:09:47Z" finished-at="2021-09-21T11:09:47Z">
          <reporter-output>
          </reporter-output>
        </test-method> <!-- teardown -->
        <test-method status="SKIP" signature="login()[pri:0, instance:com.inetBankingV2.testCases.Login_Test@7e0ea639]" name="login" duration-ms="0" started-at="2021-09-21T11:09:47Z" finished-at="2021-09-21T11:09:47Z">
          <exception class="org.openqa.selenium.SessionNotCreatedException">
            <message>
              <![CDATA[session not created
from timeout: Timed out receiving message from renderer: 600.000
  (Session info: chrome=93.0.4577.82)
Build info: version: '3.14.0', revision: 'aacccce0', time: '2018-08-02T20:19:58.91Z'
System info: host: 'DESKTOP-KVS4D73', ip: '192.168.42.225', os.name: 'Windows 10', os.arch: 'amd64', os.version: '10.0', java.version: '1.8.0_221'
Driver info: driver.version: ChromeDriver
remote stacktrace: Backtrace:
Ordinal0 [0x0068D403+2479107]
Ordinal0 [0x00627D51+2063697]
Ordinal0 [0x005320C8+1056968]
Ordinal0 [0x0052499D+1001885]
Ordinal0 [0x005239ED+997869]
Ordinal0 [0x00523CA6+998566]
Ordinal0 [0x00523595+996757]
Ordinal0 [0x0051F264+979556]
Ordinal0 [0x00523551+996689]
Ordinal0 [0x005232F0+996080]
Ordinal0 [0x00523089+995465]
Ordinal0 [0x005332E0+1061600]
Ordinal0 [0x0057AC59+1354841]
Ordinal0 [0x0057992A+1349930]
Ordinal0 [0x0057583B+1333307]
Ordinal0 [0x00551F94+1187732]
Ordinal0 [0x00552DE9+1191401]
GetHandleVerifier [0x0080F3F6+1531734]
GetHandleVerifier [0x008BE9AE+2249998]
GetHandleVerifier [0x007139AB+501003]
GetHandleVerifier [0x00712A29+497033]
Ordinal0 [0x0062D11D+2085149]
Ordinal0 [0x006311C8+2101704]
Ordinal0 [0x00631302+2102018]
Ordinal0 [0x0063AA71+2140785]
BaseThreadInitThunk [0x759BFA29+25]
RtlGetAppContainerNamedObjectPath [0x778C7A9E+286]
RtlGetAppContainerNamedObjectPath [0x778C7A6E+238]
]]>
            </message>
            <full-stacktrace>
              <![CDATA[org.openqa.selenium.SessionNotCreatedException: session not created
from timeout: Timed out receiving message from renderer: 600.000
  (Session info: chrome=93.0.4577.82)
Build info: version: '3.14.0', revision: 'aacccce0', time: '2018-08-02T20:19:58.91Z'
System info: host: 'DESKTOP-KVS4D73', ip: '192.168.42.225', os.name: 'Windows 10', os.arch: 'amd64', os.version: '10.0', java.version: '1.8.0_221'
Driver info: driver.version: ChromeDriver
remote stacktrace: Backtrace:
Ordinal0 [0x0068D403+2479107]
Ordinal0 [0x00627D51+2063697]
Ordinal0 [0x005320C8+1056968]
Ordinal0 [0x0052499D+1001885]
Ordinal0 [0x005239ED+997869]
Ordinal0 [0x00523CA6+998566]
Ordinal0 [0x00523595+996757]
Ordinal0 [0x0051F264+979556]
Ordinal0 [0x00523551+996689]
Ordinal0 [0x005232F0+996080]
Ordinal0 [0x00523089+995465]
Ordinal0 [0x005332E0+1061600]
Ordinal0 [0x0057AC59+1354841]
Ordinal0 [0x0057992A+1349930]
Ordinal0 [0x0057583B+1333307]
Ordinal0 [0x00551F94+1187732]
Ordinal0 [0x00552DE9+1191401]
GetHandleVerifier [0x0080F3F6+1531734]
GetHandleVerifier [0x008BE9AE+2249998]
GetHandleVerifier [0x007139AB+501003]
GetHandleVerifier [0x00712A29+497033]
Ordinal0 [0x0062D11D+2085149]
Ordinal0 [0x006311C8+2101704]
Ordinal0 [0x00631302+2102018]
Ordinal0 [0x0063AA71+2140785]
BaseThreadInitThunk [0x759BFA29+25]
RtlGetAppContainerNamedObjectPath [0x778C7A9E+286]
RtlGetAppContainerNamedObjectPath [0x778C7A6E+238]

at sun.reflect.NativeConstructorAccessorImpl.newInstance0(Native Method)
at sun.reflect.NativeConstructorAccessorImpl.newInstance(NativeConstructorAccessorImpl.java:62)
at sun.reflect.DelegatingConstructorAccessorImpl.newInstance(DelegatingConstructorAccessorImpl.java:45)
at java.lang.reflect.Constructor.newInstance(Constructor.java:423)
at org.openqa.selenium.remote.W3CHandshakeResponse.lambda$new$0(W3CHandshakeResponse.java:57)
at org.openqa.selenium.remote.W3CHandshakeResponse.lambda$getResponseFunction$2(W3CHandshakeResponse.java:104)
at org.openqa.selenium.remote.ProtocolHandshake.lambda$createSession$0(ProtocolHandshake.java:122)
at java.util.stream.ReferencePipeline$3$1.accept(ReferencePipeline.java:193)
at java.util.Spliterators$ArraySpliterator.tryAdvance(Spliterators.java:958)
at java.util.stream.ReferencePipeline.forEachWithCancel(ReferencePipeline.java:126)
at java.util.stream.AbstractPipeline.copyIntoWithCancel(AbstractPipeline.java:499)
at java.util.stream.AbstractPipeline.copyInto(AbstractPipeline.java:486)
at java.util.stream.AbstractPipeline.wrapAndCopyInto(AbstractPipeline.java:472)
at java.util.stream.FindOps$FindOp.evaluateSequential(FindOps.java:152)
at java.util.stream.AbstractPipeline.evaluate(AbstractPipeline.java:234)
at java.util.stream.ReferencePipeline.findFirst(ReferencePipeline.java:464)
at org.openqa.selenium.remote.ProtocolHandshake.createSession(ProtocolHandshake.java:125)
at org.openqa.selenium.remote.ProtocolHandshake.createSession(ProtocolHandshake.java:73)
at org.openqa.selenium.remote.HttpCommandExecutor.execute(HttpCommandExecutor.java:136)
at org.openqa.selenium.remote.service.DriverCommandExecutor.execute(DriverCommandExecutor.java:83)
at org.openqa.selenium.remote.RemoteWebDriver.execute(RemoteWebDriver.java:548)
at org.openqa.selenium.remote.RemoteWebDriver.startSession(RemoteWebDriver.java:212)
at org.openqa.selenium.remote.RemoteWebDriver.<init>(RemoteWebDriver.java:130)
at org.openqa.selenium.chrome.ChromeDriver.<init>(ChromeDriver.java:181)
at org.openqa.selenium.chrome.ChromeDriver.<init>(ChromeDriver.java:168)
at org.openqa.selenium.chrome.ChromeDriver.<init>(ChromeDriver.java:123)
at com.inetBankingV2.testCases.Baseclass.setup(Baseclass.java:32)
at sun.reflect.NativeMethodAccessorImpl.invoke0(Native Method)
at sun.reflect.NativeMethodAccessorImpl.invoke(NativeMethodAccessorImpl.java:62)
at sun.reflect.DelegatingMethodAccessorImpl.invoke(DelegatingMethodAccessorImpl.java:43)
at java.lang.reflect.Method.invoke(Method.java:498)
at org.testng.internal.MethodInvocationHelper.invokeMethod(MethodInvocationHelper.java:124)
at org.testng.internal.MethodInvocationHelper.invokeMethodConsideringTimeout(MethodInvocationHelper.java:59)
at org.testng.internal.Invoker.invokeConfigurationMethod(Invoker.java:458)
at org.testng.internal.Invoker.invokeConfigurations(Invoker.java:222)
at org.testng.internal.Invoker.invokeConfigurations(Invoker.java:142)
at org.testng.internal.TestMethodWorker.invokeBeforeClassMethods(TestMethodWorker.java:168)
at org.testng.internal.TestMethodWorker.run(TestMethodWorker.java:105)
at org.testng.TestRunner.privateRun(TestRunner.java:648)
at org.testng.TestRunner.run(TestRunner.java:505)
at org.testng.SuiteRunner.runTest(SuiteRunner.java:455)
at org.testng.SuiteRunner.runSequentially(SuiteRunner.java:450)
at org.testng.SuiteRunner.privateRun(SuiteRunner.java:415)
at org.testng.SuiteRunner.run(SuiteRunner.java:364)
at org.testng.SuiteRunnerWorker.runSuite(SuiteRunnerWorker.java:52)
at org.testng.SuiteRunnerWorker.run(SuiteRunnerWorker.java:84)
at org.testng.TestNG.runSuitesSequentially(TestNG.java:1208)
at org.testng.TestNG.runSuitesLocally(TestNG.java:1137)
at org.testng.TestNG.runSuites(TestNG.java:1049)
at org.testng.TestNG.run(TestNG.java:1017)
at org.apache.maven.surefire.testng.TestNGExecutor.run(TestNGExecutor.java:295)
at org.apache.maven.surefire.testng.TestNGXmlTestSuite.execute(TestNGXmlTestSuite.java:84)
at org.apache.maven.surefire.testng.TestNGProvider.invoke(TestNGProvider.java:90)
at org.apache.maven.surefire.booter.ForkedBooter.invokeProviderInSameClassLoader(ForkedBooter.java:203)
at org.apache.maven.surefire.booter.ForkedBooter.runSuitesInProcess(ForkedBooter.java:155)
at org.apache.maven.surefire.booter.ForkedBooter.main(ForkedBooter.java:103)
]]>
            </full-stacktrace>
          </exception> <!-- org.openqa.selenium.SessionNotCreatedException -->
          <reporter-output>
          </reporter-output>
        </test-method> <!-- login -->
      </class> <!-- com.inetBankingV2.testCases.Login_Test -->
    </test> <!-- Test -->
  </suite> <!-- Suite -->
</testng-results>
